<?xml version="1.0" encoding="UTF-8" ?>
<testsuite tests="1" failures="0" name="controller.UserControllerTest" time="0.302" errors="1" skipped="0">
  <properties>
    <property name="idea.version" value="2016.1.2"/>
    <property name="java.runtime.name" value="Java(TM) SE Runtime Environment"/>
    <property name="sun.boot.library.path" value="D:\Program Files\Java\jdk1.8.0_77\jre\bin"/>
    <property name="java.vm.version" value="25.77-b03"/>
    <property name="java.vm.vendor" value="Oracle Corporation"/>
    <property name="java.vendor.url" value="http://java.oracle.com/"/>
    <property name="path.separator" value=";"/>
    <property name="guice.disable.misplaced.annotation.check" value="true"/>
    <property name="java.vm.name" value="Java HotSpot(TM) 64-Bit Server VM"/>
    <property name="file.encoding.pkg" value="sun.io"/>
    <property name="idea.launcher.port" value="7538"/>
    <property name="user.script" value=""/>
    <property name="user.country" value="FR"/>
    <property name="sun.java.launcher" value="SUN_STANDARD"/>
    <property name="sun.os.patch.level" value="Service Pack 1"/>
    <property name="java.vm.specification.name" value="Java Virtual Machine Specification"/>
    <property name="user.dir" value="D:\dev\JavaEE\findme-maven"/>
    <property name="java.runtime.version" value="1.8.0_77-b03"/>
    <property name="java.awt.graphicsenv" value="sun.awt.Win32GraphicsEnvironment"/>
    <property name="java.endorsed.dirs" value="D:\Program Files\Java\jdk1.8.0_77\jre\lib\endorsed"/>
    <property name="os.arch" value="amd64"/>
    <property name="java.io.tmpdir" value="C:\Users\ILLIDA~1\AppData\Local\Temp\"/>
    <property name="line.separator" value="
"/>
    <property name="java.vm.specification.vendor" value="Oracle Corporation"/>
    <property name="user.variant" value=""/>
    <property name="os.name" value="Windows 7"/>
    <property name="classworlds.conf" value="D:\Program Files (x86)\JetBrains\IntelliJ IDEA 2016.1\plugins\maven\lib\maven3\bin\m2.conf"/>
    <property name="sun.jnu.encoding" value="Cp1252"/>
    <property name="java.library.path" value="D:\Program Files\Java\jdk1.8.0_77\bin;C:\Windows\Sun\Java\bin;C:\Windows\system32;C:\Windows;C:\Program Files (x86)\Skype\Phone\;C:\Windows\system32;C:\Windows;C:\Windows\System32\Wbem;C:\Windows\System32\WindowsPowerShell\v1.0\;D:\wamp\bin\php\php5.5.12;D:\Program Files\Java\jdk1.8.0_77\bin;C:\Windows\system32;C:\Windows;C:\Windows\System32\Wbem;C:\Windows\System32\WindowsPowerShell\v1.0\;C:\Program Files\Intel\WiFi\bin\;C:\Program Files\Common Files\Intel\WirelessCommon\;D:\wamp\bin\php\php5.5.12;D:\Program Files\eclipseEE\glassfish4\bin;D:\Program Files\Git\bin;."/>
    <property name="java.specification.name" value="Java Platform API Specification"/>
    <property name="java.class.version" value="52.0"/>
    <property name="sun.management.compiler" value="HotSpot 64-Bit Tiered Compilers"/>
    <property name="os.version" value="6.1"/>
    <property name="user.home" value="C:\Users\Illidan Stormrage"/>
    <property name="user.timezone" value="Europe/Paris"/>
    <property name="java.awt.printerjob" value="sun.awt.windows.WPrinterJob"/>
    <property name="java.specification.version" value="1.8"/>
    <property name="idea.launcher.bin.path" value="D:\Program Files (x86)\JetBrains\IntelliJ IDEA 2016.1\bin"/>
    <property name="file.encoding" value="UTF-8"/>
    <property name="user.name" value="Illidan Stormrage"/>
    <property name="java.class.path" value="D:\Program Files (x86)\JetBrains\IntelliJ IDEA 2016.1\plugins\maven\lib\maven3\boot\plexus-classworlds-2.4.jar;D:\Program Files (x86)\JetBrains\IntelliJ IDEA 2016.1\lib\idea_rt.jar"/>
    <property name="java.vm.specification.version" value="1.8"/>
    <property name="sun.arch.data.model" value="64"/>
    <property name="java.home" value="D:\Program Files\Java\jdk1.8.0_77\jre"/>
    <property name="sun.java.command" value="com.intellij.rt.execution.application.AppMain org.codehaus.classworlds.Launcher -Didea.version=2016.1.2 install"/>
    <property name="java.specification.vendor" value="Oracle Corporation"/>
    <property name="user.language" value="fr"/>
    <property name="awt.toolkit" value="sun.awt.windows.WToolkit"/>
    <property name="java.vm.info" value="mixed mode"/>
    <property name="java.version" value="1.8.0_77"/>
    <property name="java.ext.dirs" value="D:\Program Files\Java\jdk1.8.0_77\jre\lib\ext;C:\Windows\Sun\Java\lib\ext"/>
    <property name="sun.boot.class.path" value="D:\Program Files\Java\jdk1.8.0_77\jre\lib\resources.jar;D:\Program Files\Java\jdk1.8.0_77\jre\lib\rt.jar;D:\Program Files\Java\jdk1.8.0_77\jre\lib\sunrsasign.jar;D:\Program Files\Java\jdk1.8.0_77\jre\lib\jsse.jar;D:\Program Files\Java\jdk1.8.0_77\jre\lib\jce.jar;D:\Program Files\Java\jdk1.8.0_77\jre\lib\charsets.jar;D:\Program Files\Java\jdk1.8.0_77\jre\lib\jfr.jar;D:\Program Files\Java\jdk1.8.0_77\jre\classes"/>
    <property name="java.vendor" value="Oracle Corporation"/>
    <property name="maven.home" value="D:\Program Files (x86)\JetBrains\IntelliJ IDEA 2016.1\plugins\maven\lib\maven3"/>
    <property name="file.separator" value="\"/>
    <property name="java.vendor.url.bug" value="http://bugreport.sun.com/bugreport/"/>
    <property name="sun.cpu.endian" value="little"/>
    <property name="sun.io.unicode.encoding" value="UnicodeLittle"/>
    <property name="sun.desktop" value="windows"/>
    <property name="sun.cpu.isalist" value="amd64"/>
  </properties>
  <testcase classname="controller.UserControllerTest" name="controller.UserControllerTest" time="0.32">
    <error message="Could not create new instance of class org.jboss.arquillian.test.impl.EventTestRunnerAdaptor" type="java.lang.RuntimeException">java.lang.RuntimeException: Could not create new instance of class org.jboss.arquillian.test.impl.EventTestRunnerAdaptor
	at org.jboss.arquillian.test.spi.SecurityActions.newInstance(SecurityActions.java:165)
	at org.jboss.arquillian.test.spi.SecurityActions.newInstance(SecurityActions.java:102)
	at org.jboss.arquillian.test.spi.TestRunnerAdaptorBuilder.build(TestRunnerAdaptorBuilder.java:52)
	at org.jboss.arquillian.junit.Arquillian.run(Arquillian.java:113)
	at org.apache.maven.surefire.junit4.JUnit4TestSet.execute(JUnit4TestSet.java:53)
	at org.apache.maven.surefire.junit4.JUnit4Provider.executeTestSet(JUnit4Provider.java:123)
	at org.apache.maven.surefire.junit4.JUnit4Provider.invoke(JUnit4Provider.java:104)
	at sun.reflect.NativeMethodAccessorImpl.invoke0(Native Method)
	at sun.reflect.NativeMethodAccessorImpl.invoke(NativeMethodAccessorImpl.java:62)
	at sun.reflect.DelegatingMethodAccessorImpl.invoke(DelegatingMethodAccessorImpl.java:43)
	at java.lang.reflect.Method.invoke(Method.java:498)
	at org.apache.maven.surefire.util.ReflectionUtils.invokeMethodWithArray(ReflectionUtils.java:164)
	at org.apache.maven.surefire.booter.ProviderFactory$ProviderProxy.invoke(ProviderFactory.java:110)
	at org.apache.maven.surefire.booter.SurefireStarter.invokeProvider(SurefireStarter.java:175)
	at org.apache.maven.surefire.booter.SurefireStarter.runSuitesInProcessWhenForked(SurefireStarter.java:107)
	at org.apache.maven.surefire.booter.ForkedBooter.main(ForkedBooter.java:68)
Caused by: java.lang.reflect.InvocationTargetException
	at sun.reflect.NativeConstructorAccessorImpl.newInstance0(Native Method)
	at sun.reflect.NativeConstructorAccessorImpl.newInstance(NativeConstructorAccessorImpl.java:62)
	at sun.reflect.DelegatingConstructorAccessorImpl.newInstance(DelegatingConstructorAccessorImpl.java:45)
	at java.lang.reflect.Constructor.newInstance(Constructor.java:423)
	at org.jboss.arquillian.test.spi.SecurityActions.newInstance(SecurityActions.java:161)
	... 15 more
Caused by: org.jboss.arquillian.container.impl.ContainerCreationException: Could not create Container glassfish
	at org.jboss.arquillian.container.impl.LocalContainerRegistry.create(LocalContainerRegistry.java:85)
	at org.jboss.arquillian.container.impl.client.container.ContainerRegistryCreator.createRegistry(ContainerRegistryCreator.java:78)
	at sun.reflect.NativeMethodAccessorImpl.invoke0(Native Method)
	at sun.reflect.NativeMethodAccessorImpl.invoke(NativeMethodAccessorImpl.java:62)
	at sun.reflect.DelegatingMethodAccessorImpl.invoke(DelegatingMethodAccessorImpl.java:43)
	at java.lang.reflect.Method.invoke(Method.java:498)
	at org.jboss.arquillian.core.impl.ObserverImpl.invoke(ObserverImpl.java:94)
	at org.jboss.arquillian.core.impl.EventContextImpl.invokeObservers(EventContextImpl.java:99)
	at org.jboss.arquillian.core.impl.EventContextImpl.proceed(EventContextImpl.java:81)
	at org.jboss.arquillian.core.impl.ManagerImpl.fire(ManagerImpl.java:145)
	at org.jboss.arquillian.core.impl.ManagerImpl.fire(ManagerImpl.java:116)
	at org.jboss.arquillian.core.impl.ManagerImpl.bindAndFire(ManagerImpl.java:265)
	at org.jboss.arquillian.core.impl.InstanceImpl.set(InstanceImpl.java:74)
	at org.jboss.arquillian.config.impl.extension.ConfigurationRegistrar.loadConfiguration(ConfigurationRegistrar.java:73)
	at sun.reflect.NativeMethodAccessorImpl.invoke0(Native Method)
	at sun.reflect.NativeMethodAccessorImpl.invoke(NativeMethodAccessorImpl.java:62)
	at sun.reflect.DelegatingMethodAccessorImpl.invoke(DelegatingMethodAccessorImpl.java:43)
	at java.lang.reflect.Method.invoke(Method.java:498)
	at org.jboss.arquillian.core.impl.ObserverImpl.invoke(ObserverImpl.java:94)
	at org.jboss.arquillian.core.impl.EventContextImpl.invokeObservers(EventContextImpl.java:99)
	at org.jboss.arquillian.core.impl.EventContextImpl.proceed(EventContextImpl.java:81)
	at org.jboss.arquillian.core.impl.ManagerImpl.fire(ManagerImpl.java:145)
	at org.jboss.arquillian.core.impl.ManagerImpl.fire(ManagerImpl.java:116)
	at org.jboss.arquillian.core.impl.ManagerImpl.start(ManagerImpl.java:290)
	at org.jboss.arquillian.test.impl.EventTestRunnerAdaptor.&lt;init&gt;(EventTestRunnerAdaptor.java:63)
	... 20 more
Caused by: java.lang.IllegalArgumentException: DeployableContainer must be specified
	at org.jboss.arquillian.core.spi.Validate.notNull(Validate.java:44)
	at org.jboss.arquillian.container.impl.ContainerImpl.&lt;init&gt;(ContainerImpl.java:71)
	at org.jboss.arquillian.container.impl.LocalContainerRegistry.create(LocalContainerRegistry.java:80)
	... 44 more
</error>
  </testcase>
</testsuite>