<?xml version="1.0" encoding="UTF-8" ?>
<testsuite tests="1" failures="0" name="controller.UserControllerTest" time="0.302" errors="1" skipped="0">
  <properties>
[...]
</properties>
  <testcase classname="controller.UserControllerTest" name="controller.UserControllerTest" time="0.32">
    <error message="Could not create new instance of class org.jboss.arquillian.test.impl.EventTestRunnerAdaptor" type="java.lang.RuntimeException">java.lang.RuntimeException: Could not create new instance of class org.jboss.arquillian.test.impl.EventTestRunnerAdaptor
	at org.jboss.arquillian.test.spi.SecurityActions.newInstance(SecurityActions.java:165)
	at org.jboss.arquillian.test.spi.SecurityActions.newInstance(SecurityActions.java:102)
	at org.jboss.arquillian.test.spi.TestRunnerAdaptorBuilder.build(TestRunnerAdaptorBuilder.java:52)
	at org.jboss.arquillian.junit.Arquillian.run(Arquillian.java:113)
	at org.apache.maven.surefire.junit4.JUnit4TestSet.execute(JUnit4TestSet.java:53)
	at org.apache.maven.surefire.junit4.JUnit4Provider.executeTestSet(JUnit4Provider.java:123)
	at org.apache.maven.surefire.junit4.JUnit4Provider.invoke(JUnit4Provider.java:104)
	at sun.reflect.NativeMethodAccessorImpl.invoke0(Native Method)
	at sun.reflect.NativeMethodAccessorImpl.invoke(NativeMethodAccessorImpl.java:62)
	at sun.reflect.DelegatingMethodAccessorImpl.invoke(DelegatingMethodAccessorImpl.java:43)
	at java.lang.reflect.Method.invoke(Method.java:498)
	at org.apache.maven.surefire.util.ReflectionUtils.invokeMethodWithArray(ReflectionUtils.java:164)
	at org.apache.maven.surefire.booter.ProviderFactory$ProviderProxy.invoke(ProviderFactory.java:110)
	at org.apache.maven.surefire.booter.SurefireStarter.invokeProvider(SurefireStarter.java:175)
	at org.apache.maven.surefire.booter.SurefireStarter.runSuitesInProcessWhenForked(SurefireStarter.java:107)
	at org.apache.maven.surefire.booter.ForkedBooter.main(ForkedBooter.java:68)
Caused by: java.lang.reflect.InvocationTargetException
	at sun.reflect.NativeConstructorAccessorImpl.newInstance0(Native Method)
	at sun.reflect.NativeConstructorAccessorImpl.newInstance(NativeConstructorAccessorImpl.java:62)
	at sun.reflect.DelegatingConstructorAccessorImpl.newInstance(DelegatingConstructorAccessorImpl.java:45)
	at java.lang.reflect.Constructor.newInstance(Constructor.java:423)
	at org.jboss.arquillian.test.spi.SecurityActions.newInstance(SecurityActions.java:161)
	... 15 more
Caused by: org.jboss.arquillian.container.impl.ContainerCreationException: Could not create Container glassfish
	at org.jboss.arquillian.container.impl.LocalContainerRegistry.create(LocalContainerRegistry.java:85)
	at org.jboss.arquillian.container.impl.client.container.ContainerRegistryCreator.createRegistry(ContainerRegistryCreator.java:78)
	at sun.reflect.NativeMethodAccessorImpl.invoke0(Native Method)
	at sun.reflect.NativeMethodAccessorImpl.invoke(NativeMethodAccessorImpl.java:62)
	at sun.reflect.DelegatingMethodAccessorImpl.invoke(DelegatingMethodAccessorImpl.java:43)
	at java.lang.reflect.Method.invoke(Method.java:498)
	at org.jboss.arquillian.core.impl.ObserverImpl.invoke(ObserverImpl.java:94)
	at org.jboss.arquillian.core.impl.EventContextImpl.invokeObservers(EventContextImpl.java:99)
	at org.jboss.arquillian.core.impl.EventContextImpl.proceed(EventContextImpl.java:81)
	at org.jboss.arquillian.core.impl.ManagerImpl.fire(ManagerImpl.java:145)
	at org.jboss.arquillian.core.impl.ManagerImpl.fire(ManagerImpl.java:116)
	at org.jboss.arquillian.core.impl.ManagerImpl.bindAndFire(ManagerImpl.java:265)
	at org.jboss.arquillian.core.impl.InstanceImpl.set(InstanceImpl.java:74)
	at org.jboss.arquillian.config.impl.extension.ConfigurationRegistrar.loadConfiguration(ConfigurationRegistrar.java:73)
	at sun.reflect.NativeMethodAccessorImpl.invoke0(Native Method)
	at sun.reflect.NativeMethodAccessorImpl.invoke(NativeMethodAccessorImpl.java:62)
	at sun.reflect.DelegatingMethodAccessorImpl.invoke(DelegatingMethodAccessorImpl.java:43)
	at java.lang.reflect.Method.invoke(Method.java:498)
	at org.jboss.arquillian.core.impl.ObserverImpl.invoke(ObserverImpl.java:94)
	at org.jboss.arquillian.core.impl.EventContextImpl.invokeObservers(EventContextImpl.java:99)
	at org.jboss.arquillian.core.impl.EventContextImpl.proceed(EventContextImpl.java:81)
	at org.jboss.arquillian.core.impl.ManagerImpl.fire(ManagerImpl.java:145)
	at org.jboss.arquillian.core.impl.ManagerImpl.fire(ManagerImpl.java:116)
	at org.jboss.arquillian.core.impl.ManagerImpl.start(ManagerImpl.java:290)
	at org.jboss.arquillian.test.impl.EventTestRunnerAdaptor.&lt;init&gt;(EventTestRunnerAdaptor.java:63)
	... 20 more
Caused by: java.lang.IllegalArgumentException: DeployableContainer must be specified
	at org.jboss.arquillian.core.spi.Validate.notNull(Validate.java:44)
	at org.jboss.arquillian.container.impl.ContainerImpl.&lt;init&gt;(ContainerImpl.java:71)
	at org.jboss.arquillian.container.impl.LocalContainerRegistry.create(LocalContainerRegistry.java:80)
	... 44 more
</error>
  </testcase>
</testsuite>